
> @makepurple/www@0.0.0 build /home/leedavidcs/projects/app_purple/apps/www
> dotenv -- next build

info  - Loaded env from /home/leedavidcs/projects/app_purple/apps/www/.env
info  - Checking validity of types...
info  - Creating an optimized production build...
info  - Disabled SWC as replacement for Babel because of custom Babel configuration ".babelrc" https://nextjs.org/docs/messages/swc-disabled
info  - Using external babel configuration from /home/leedavidcs/projects/app_purple/apps/www/.babelrc
warn - As of Tailwind CSS v2.2, `lightBlue` has been renamed to `sky`.
warn - Please update your color palette to eliminate this warning.
info  - Collecting page data...
info  - Generating static pages (0/8)
info  - Generating static pages (2/8)
info  - Generating static pages (4/8)
info  - Generating static pages (6/8)
info  - Generating static pages (8/8)
info  - Finalizing page optimization...

Page                                       Size     First Load JS
┌ ○ /                                      289 B           177 kB
├   /_app                                  0 B             177 kB
├ λ /[userName]                            2.58 kB         214 kB
├ ○ /[userName]/[postTitle]                303 B           177 kB
├ λ /[userName]/draft                      118 kB          299 kB
├ λ /[userName]/experiences                2.58 kB         214 kB
├ ○ /404                                   193 B           177 kB
├ λ /api/auth/[...nextauth]                0 B             177 kB
└ λ /api/graphql                           0 B             177 kB
+ First Load JS shared by all              177 kB
  ├ chunks/framework-671660302c3b0617.js   42.2 kB
  ├ chunks/main-f5337708a26f309d.js        27.5 kB
  ├ chunks/pages/_app-d4252ac44f5b6622.js  105 kB
  └ chunks/webpack-ab8bf414dfd078a9.js     1.78 kB

λ  (Server)  server-side renders at runtime (uses getInitialProps or getServerSideProps)
○  (Static)  automatically rendered as static HTML (uses no initial props)

warn  - You have enabled experimental feature(s).
warn  - Experimental features are not covered by semver, and may cause unexpected or broken application behavior. Use them at your own risk.

warn  - Compiled with warnings

../../node_modules/.pnpm/nexus-prisma@0.35.0_d143731e3d611f349fdd01210fbb8011/node_modules/nexus-prisma/dist-esm/generator/models/javascript.js
Critical dependency: the request of a dependency is an expression

Import trace for requested module:
../../node_modules/.pnpm/nexus-prisma@0.35.0_d143731e3d611f349fdd01210fbb8011/node_modules/nexus-prisma/dist-esm/generator/models/index.js
../../node_modules/.pnpm/nexus-prisma@0.35.0_d143731e3d611f349fdd01210fbb8011/node_modules/nexus-prisma/dist-esm/runtime/index.js
../../node_modules/.pnpm/nexus-prisma@0.35.0_d143731e3d611f349fdd01210fbb8011/node_modules/nexus-prisma/dist-esm/entrypoints/main.js
../../packages/prisma/nexus.ts
../../packages/server/src/graphql/nexus/types/_enums.ts
../../packages/server/src/graphql/nexus/types/index.ts
../../packages/server/src/graphql/nexus/schema.ts
../../packages/server/src/graphql/nexus/index.ts
../../packages/server/src/graphql/index.ts
../../packages/server/src/index.ts
./src/pages/api/graphql.ts

../../node_modules/.pnpm/nexus@1.1.0_graphql@15.7.2/node_modules/nexus/dist/typegenAutoConfig.js
Critical dependency: require function is used in a way in which dependencies cannot be statically extracted

Import trace for requested module:
../../node_modules/.pnpm/nexus@1.1.0_graphql@15.7.2/node_modules/nexus/dist/core.js
../../node_modules/.pnpm/nexus@1.1.0_graphql@15.7.2/node_modules/nexus/dist/index.js
../../packages/server/src/graphql/nexus/schema.ts
../../packages/server/src/graphql/nexus/index.ts
../../packages/server/src/graphql/index.ts
../../packages/server/src/index.ts
./src/pages/api/graphql.ts

../../node_modules/.pnpm/nexus@1.1.0_graphql@15.7.2/node_modules/nexus/dist/typegenAutoConfig.js
Critical dependency: the request of a dependency is an expression

Import trace for requested module:
../../node_modules/.pnpm/nexus@1.1.0_graphql@15.7.2/node_modules/nexus/dist/core.js
../../node_modules/.pnpm/nexus@1.1.0_graphql@15.7.2/node_modules/nexus/dist/index.js
../../packages/server/src/graphql/nexus/schema.ts
../../packages/server/src/graphql/nexus/index.ts
../../packages/server/src/graphql/index.ts
../../packages/server/src/index.ts
./src/pages/api/graphql.ts

../../node_modules/.pnpm/nexus@1.1.0_graphql@15.7.2/node_modules/nexus/dist/utils.js
Critical dependency: the request of a dependency is an expression

Import trace for requested module:
../../node_modules/.pnpm/nexus@1.1.0_graphql@15.7.2/node_modules/nexus/dist/index.js
../../packages/server/src/graphql/nexus/schema.ts
../../packages/server/src/graphql/nexus/index.ts
../../packages/server/src/graphql/index.ts
../../packages/server/src/index.ts
./src/pages/api/graphql.ts

../../node_modules/.pnpm/ws@7.5.6/node_modules/ws/lib/buffer-util.js
Module not found: Can't resolve 'bufferutil' in '/home/leedavidcs/projects/app_purple/node_modules/.pnpm/ws@7.5.6/node_modules/ws/lib'

Import trace for requested module:
../../node_modules/.pnpm/ws@7.5.6/node_modules/ws/lib/websocket.js
../../node_modules/.pnpm/ws@7.5.6/node_modules/ws/index.js
../../node_modules/.pnpm/subscriptions-transport-ws@0.9.19_graphql@15.7.2/node_modules/subscriptions-transport-ws/dist/server.js
../../node_modules/.pnpm/subscriptions-transport-ws@0.9.19_graphql@15.7.2/node_modules/subscriptions-transport-ws/dist/index.js
../../node_modules/.pnpm/apollo-server-core@2.25.3_graphql@15.7.2/node_modules/apollo-server-core/dist/ApolloServer.js
../../node_modules/.pnpm/apollo-server-core@2.25.3_graphql@15.7.2/node_modules/apollo-server-core/dist/index.js
../../node_modules/.pnpm/apollo-server-micro@2.25.3_graphql@15.7.2/node_modules/apollo-server-micro/dist/index.js
../../packages/server/src/graphql/apollo-server.ts
../../packages/server/src/graphql/index.ts
../../packages/server/src/index.ts
./src/pages/api/graphql.ts

../../node_modules/.pnpm/ws@7.5.6/node_modules/ws/lib/validation.js
Module not found: Can't resolve 'utf-8-validate' in '/home/leedavidcs/projects/app_purple/node_modules/.pnpm/ws@7.5.6/node_modules/ws/lib'

Import trace for requested module:
../../node_modules/.pnpm/ws@7.5.6/node_modules/ws/lib/receiver.js
../../node_modules/.pnpm/ws@7.5.6/node_modules/ws/index.js
../../node_modules/.pnpm/subscriptions-transport-ws@0.9.19_graphql@15.7.2/node_modules/subscriptions-transport-ws/dist/server.js
../../node_modules/.pnpm/subscriptions-transport-ws@0.9.19_graphql@15.7.2/node_modules/subscriptions-transport-ws/dist/index.js
../../node_modules/.pnpm/apollo-server-core@2.25.3_graphql@15.7.2/node_modules/apollo-server-core/dist/ApolloServer.js
../../node_modules/.pnpm/apollo-server-core@2.25.3_graphql@15.7.2/node_modules/apollo-server-core/dist/index.js
../../node_modules/.pnpm/apollo-server-micro@2.25.3_graphql@15.7.2/node_modules/apollo-server-micro/dist/index.js
../../packages/server/src/graphql/apollo-server.ts
../../packages/server/src/graphql/index.ts
../../packages/server/src/index.ts
./src/pages/api/graphql.ts

